./prepare_database -db=KEGG -org=hsa

processing started....Fri Jul  7 22:46:56 CEST 2017
Retreiving 320 KEGG pathways for hsa
Do not panic. The processing is going on...
Database retreived..You are now ready to use geneSCF with organism hsa from --database KEGG
Done....Fri Jul  7 22:59:34 CEST 2017

./prepare_database -db=GO -org=goa_human

Downloading GO database....
Extracting goa_human information...
Updating gene information...
Do not panic. The processing is going on...
Database retreived..You are now ready to use geneSCF with organism goa_human from --database GO
Done....Fri Jul  7 23:06:13 CEST 2017

./prepare_database -db=REACTOME -org=Hs

Downloading REACTOME database....
Updating gene information...
Do not panic. The processing is going on...
Extracting organism information...
Finished processing...
Database retreived..You are now ready to use geneSCF with organism Human (Hs) from --database REACTOME
Done....Fri Jul  7 23:11:56 CEST 2017

